<?xml version="1.0" encoding="UTF-8"?>
<!-- Generated by org.testng.reporters.JUnitReportReporter -->
<testsuite hostname="LMTN202461" name="com.qtpselenium.testcases.mysampletest" tests="1" failures="0" timestamp="11 Dec 2014 20:21:46 GMT" time="0.108" errors="0">
  <testcase name="sayhello" time="0.108" classname="com.qtpselenium.testcases.mysampletest"/>
</testsuite> <!-- com.qtpselenium.testcases.mysampletest -->
