<?xml version="1.0" encoding="UTF-8"?>
<!-- Generated by org.testng.reporters.JUnitReportReporter -->
<testsuite hostname="LMTN202461" name="com.qtpselenium.testcases.Test1" tests="1" failures="0" timestamp="10 Dec 2014 15:59:18 GMT" time="0.902" errors="0">
  <testcase name="sampletest" time="0.902" classname="com.qtpselenium.testcases.Test1"/>
</testsuite> <!-- com.qtpselenium.testcases.Test1 -->
